<?xml version="1.0" encoding="UTF-8"?>
<testsuite xmlns:xsi="http://www.w3.org/2001/XMLSchema-instance" xsi:noNamespaceSchemaLocation="https://maven.apache.org/surefire/maven-surefire-plugin/xsd/surefire-test-report-3.0.xsd" version="3.0" name="com.auction.server.service.AuctionServiceTest" time="1.18" tests="9" errors="0" skipped="0" failures="0">
  <properties>
[...]
</properties>
  <testcase name="createAuction_nonSeller_throws" classname="com.auction.server.service.AuctionServiceTest" time="1.084">
    <system-err><![CDATA[WARNING: A Java agent has been loaded dynamically (C:\Users\Aquatl\.m2\repository\net\bytebuddy\byte-buddy-agent\1.14.8\byte-buddy-agent-1.14.8.jar)
WARNING: If a serviceability tool is in use, please run with -XX:+EnableDynamicAgentLoading to hide this warning
WARNING: If a serviceability tool is not in use, please run with -Djdk.instrument.traceUsage for more information
WARNING: Dynamic loading of agents will be disallowed by default in a future release
19:43:15.832 [main] INFO AuctionService - Restored 0 auction schedule(s) from database
]]></system-err>
  </testcase>
  <testcase name="createAuction_negativePrice_throws" classname="com.auction.server.service.AuctionServiceTest" time="0.005">
    <system-err><![CDATA[19:43:15.855 [main] INFO AuctionService - Restored 0 auction schedule(s) from database
]]></system-err>
  </testcase>
  <testcase name="createAuction_endBeforeStart_throws" classname="com.auction.server.service.AuctionServiceTest" time="0.003">
    <system-err><![CDATA[19:43:15.860 [main] INFO AuctionService - Restored 0 auction schedule(s) from database
]]></system-err>
  </testcase>
  <testcase name="createAuction_futureStart_statusIsOpen" classname="com.auction.server.service.AuctionServiceTest" time="0.01">
    <system-err><![CDATA[19:43:15.867 [main] INFO AuctionService - Restored 0 auction schedule(s) from database
19:43:15.871 [main] INFO AuctionService - Auction 1 created for item 'Test Artwork', ends 2026-04-26T21:43:15.868830500
]]></system-err>
  </testcase>
  <testcase name="createAuction_pastStart_statusIsRunning" classname="com.auction.server.service.AuctionServiceTest" time="0.005">
    <system-err><![CDATA[19:43:15.877 [main] INFO AuctionService - Restored 0 auction schedule(s) from database
19:43:15.878 [main] INFO AuctionService - Auction 1 created for item 'Test Artwork', ends 2026-04-26T20:43:15.878750700
]]></system-err>
  </testcase>
  <testcase name="applyAntiSnipe_withinWindow_extendsEndTime" classname="com.auction.server.service.AuctionServiceTest" time="0.015">
    <system-err><![CDATA[19:43:15.884 [main] INFO AuctionService - Restored 0 auction schedule(s) from database
19:43:15.885 [main] INFO AuctionService - Auction 1 created for item 'Test Artwork', ends 2026-04-26T19:43:35.884732500
19:43:15.887 [main] INFO AuctionService - Anti-snipe: auction 1 extended to 2026-04-26T19:44:35.884732500
]]></system-err>
  </testcase>
  <testcase name="applyAntiSnipe_outsideWindow_noChange" classname="com.auction.server.service.AuctionServiceTest" time="0.007">
    <system-err><![CDATA[19:43:15.902 [main] INFO AuctionService - Restored 0 auction schedule(s) from database
19:43:15.904 [main] INFO AuctionService - Auction 1 created for item 'Test Artwork', ends 2026-04-26T19:53:15.903735700
]]></system-err>
  </testcase>
  <testcase name="cancelAuction_byOwner_succeeds" classname="com.auction.server.service.AuctionServiceTest" time="0.005">
    <system-err><![CDATA[19:43:15.909 [main] INFO AuctionService - Restored 0 auction schedule(s) from database
19:43:15.909 [main] INFO AuctionService - Auction 1 created for item 'Test Artwork', ends 2026-04-26T20:43:15.909733400
]]></system-err>
  </testcase>
  <testcase name="cancelAuction_byNonOwner_throws" classname="com.auction.server.service.AuctionServiceTest" time="0.008">
    <system-err><![CDATA[19:43:15.918 [main] INFO AuctionService - Restored 0 auction schedule(s) from database
19:43:15.920 [main] INFO AuctionService - Auction 1 created for item 'Test Artwork', ends 2026-04-26T20:43:15.919782
]]></system-err>
  </testcase>
</testsuite>