<?xml version="1.0" encoding="UTF-8"?>
<testsuite xmlns:xsi="http://www.w3.org/2001/XMLSchema-instance" xsi:noNamespaceSchemaLocation="https://maven.apache.org/surefire/maven-surefire-plugin/xsd/surefire-test-report-3.0.xsd" version="3.0" name="com.auction.server.service.UserServiceTest" time="0.057" tests="8" errors="0" skipped="0" failures="0">
  <properties>
[...]
</properties>
  <testcase name="register_validBidder_succeeds" classname="com.auction.server.service.UserServiceTest" time="0.037"/>
  <testcase name="register_duplicateUsername_throws" classname="com.auction.server.service.UserServiceTest" time="0.003"/>
  <testcase name="login_wrongPassword_throws" classname="com.auction.server.service.UserServiceTest" time="0.003"/>
  <testcase name="register_adminRole_throws" classname="com.auction.server.service.UserServiceTest" time="0.002"/>
  <testcase name="register_shortPassword_throws" classname="com.auction.server.service.UserServiceTest" time="0.002"/>
  <testcase name="register_blankUsername_throws" classname="com.auction.server.service.UserServiceTest" time="0.003"/>
  <testcase name="login_unknownUser_throws" classname="com.auction.server.service.UserServiceTest" time="0.002"/>
  <testcase name="login_bannedUser_throws" classname="com.auction.server.service.UserServiceTest" time="0.002"/>
</testsuite>